d:\cur\a7_100t_img_p\mfcapplication1\glcooklib\debug\glcooklib.pdb
d:\cur\a7_100t_img_p\mfcapplication1\glcooklib\debug\glcooklib.idb
d:\cur\a7_100t_img_p\mfcapplication1\glcooklib\debug\vbotorus.obj
d:\cur\a7_100t_img_p\mfcapplication1\glcooklib\debug\vboteapotpatch.obj
d:\cur\a7_100t_img_p\mfcapplication1\glcooklib\debug\vboteapot.obj
d:\cur\a7_100t_img_p\mfcapplication1\glcooklib\debug\vboplane.obj
d:\cur\a7_100t_img_p\mfcapplication1\glcooklib\debug\vbomeshadj.obj
d:\cur\a7_100t_img_p\mfcapplication1\glcooklib\debug\vbomesh.obj
d:\cur\a7_100t_img_p\mfcapplication1\glcooklib\debug\vbocube.obj
d:\cur\a7_100t_img_p\mfcapplication1\glcooklib\debug\glutils.obj
d:\cur\a7_100t_img_p\mfcapplication1\glcooklib\debug\glslprogram.obj
d:\cur\a7_100t_img_p\mfcapplication1\glcooklib\debug\drawable.obj
d:\cur\a7_100t_img_p\mfcapplication1\glcooklib\debug\bmpreader.obj
d:\cur\a7_100t_img_p\mfcapplication1\glcooklib\debug\gl_core_4_3.obj
d:\cur\a7_100t_img_p\mfcapplication1\debug\glcooklib.lib
d:\cur\a7_100t_img_p\mfcapplication1\debug\glcooklib.pdb
d:\cur\a7_100t_img_p\mfcapplication1\glcooklib\debug\glcooklib.tlog\cl.command.1.tlog
d:\cur\a7_100t_img_p\mfcapplication1\glcooklib\debug\glcooklib.tlog\cl.read.1.tlog
d:\cur\a7_100t_img_p\mfcapplication1\glcooklib\debug\glcooklib.tlog\cl.write.1.tlog
d:\cur\a7_100t_img_p\mfcapplication1\glcooklib\debug\glcooklib.tlog\lib-link.read.1.tlog
d:\cur\a7_100t_img_p\mfcapplication1\glcooklib\debug\glcooklib.tlog\lib-link.write.1.tlog
d:\cur\a7_100t_img_p\mfcapplication1\glcooklib\debug\glcooklib.tlog\lib.command.1.tlog
